<?xml version="1.0" encoding="UTF-8"?>
<!-- Generated by org.testng.reporters.JUnitReportReporter -->
<testsuite skipped="0" hostname="JKTDKLS008" name="pack.com.SimpleTest" tests="1" failures="0" timestamp="04 Aug 2017 05:57:51 GMT" time="7.941" errors="0">
  <testcase name="test1" time="7.941" classname="pack.com.SimpleTest"/>
</testsuite> <!-- pack.com.SimpleTest -->
