<?xml version="1.0" encoding="UTF-8"?>
<!-- Generated by org.testng.reporters.JUnitReportReporter -->
<testsuite skipped="0" hostname="JKTDKLS008" name="pack.com.AutomationTC1" tests="1" failures="0" timestamp="21 Jul 2017 05:39:32 GMT" time="96.749" errors="0">
  <testcase name="test1" time="96.749" classname="pack.com.AutomationTC1"/>
</testsuite> <!-- pack.com.AutomationTC1 -->
