<?xml version="1.0" encoding="UTF-8"?>
<!-- Generated by org.testng.reporters.JUnitReportReporter -->
<testsuite skipped="0" hostname="JKTDKLS008" name="pack.com.AutomationTC1" tests="1" failures="0" timestamp="24 Jul 2017 13:49:29 GMT" time="124.527" errors="0">
  <testcase name="test1" time="124.527" classname="pack.com.AutomationTC1"/>
</testsuite> <!-- pack.com.AutomationTC1 -->
