<?xml version="1.0" encoding="UTF-8"?>
<!-- Generated by org.testng.reporters.JUnitReportReporter -->
<testsuite skipped="0" hostname="JKTDKLS008" name="datadriventesting.ReadingData1" tests="2" failures="0" timestamp="08 Aug 2017 10:19:37 GMT" time="0.000" errors="0">
  <testcase name="setData" time="0.000" classname="datadriventesting.ReadingData1"/>
  <testcase name="setData" time="0.000" classname="datadriventesting.ReadingData1"/>
</testsuite> <!-- datadriventesting.ReadingData1 -->
