<?xml version="1.0" encoding="UTF-8"?>
<!-- Generated by org.testng.reporters.JUnitReportReporter -->
<testsuite skipped="0" hostname="JKTDKLS008" name="datadriventesting.ReadingData" tests="1" failures="0" timestamp="08 Aug 2017 09:04:06 GMT" time="0.391" errors="0">
  <testcase name="test" time="0.391" classname="datadriventesting.ReadingData"/>
</testsuite> <!-- datadriventesting.ReadingData -->
